Start testing: Aug 20 15:47 CEST
----------------------------------------------------------
1/1 Testing: progetto.t
1/1 Test: progetto.t
Command: "/home/ubuntu/Hopfield_Network/build/Debug/progetto.t"
Directory: /home/ubuntu/Hopfield_Network/build
"progetto.t" start time: Aug 20 15:47 CEST
Output:
----------------------------------------------------------
[doctest] doctest version is "2.4.11"
[doctest] run with "--help" for options
===============================================================================
[doctest] test cases:   4 |   4 passed | 0 failed | 0 skipped
[doctest] assertions: 446 | 446 passed | 0 failed |
[doctest] Status: SUCCESS!
<end of output>
Test time =   0.12 sec
----------------------------------------------------------
Test Passed.
"progetto.t" end time: Aug 20 15:47 CEST
"progetto.t" time elapsed: 00:00:00
----------------------------------------------------------

End testing: Aug 20 15:47 CEST
